<?xml version="1.0" encoding="UTF-8"?>
<testsuite xmlns:xsi="http://www.w3.org/2001/XMLSchema-instance" xsi:noNamespaceSchemaLocation="https://maven.apache.org/surefire/maven-surefire-plugin/xsd/surefire-test-report-3.0.xsd" version="3.0" name="com.tuyo.imagess3.Imagess3ApplicationTests" time="3.066" tests="1" errors="0" skipped="0" failures="0">
  <properties>
[...]
</properties>
  <testcase name="contextLoads" classname="com.tuyo.imagess3.Imagess3ApplicationTests" time="0.964">
    <system-out><![CDATA[18:24:41.118 [main] INFO org.springframework.test.context.support.AnnotationConfigContextLoaderUtils -- Could not detect default configuration classes for test class [com.tuyo.imagess3.Imagess3ApplicationTests]: Imagess3ApplicationTests does not declare any static, non-private, non-final, nested classes annotated with @Configuration.
18:24:41.259 [main] INFO org.springframework.boot.test.context.SpringBootTestContextBootstrapper -- Found @SpringBootConfiguration com.tuyo.imagess3.Imagess3Application for test class com.tuyo.imagess3.Imagess3ApplicationTests
18:24:41.464 [main] INFO org.springframework.boot.devtools.restart.RestartApplicationListener -- Restart disabled due to context in which it is running

  .   ____          _            __ _ _
 /\\ / ___'_ __ _ _(_)_ __  __ _ \ \ \ \
( ( )\___ | '_ | '_| | '_ \/ _` | \ \ \ \
 \\/  ___)| |_)| | | | | || (_| |  ) ) ) )
  '  |____| .__|_| |_|_| |_\__, | / / / /
 =========|_|==============|___/=/_/_/_/

 :: Spring Boot ::                (v3.3.5)

2024-11-04T18:24:41.790-03:00  INFO 47976 --- [imagess3] [           main] c.t.imagess3.Imagess3ApplicationTests    : Starting Imagess3ApplicationTests using Java 17.0.6 with PID 47976 (started by Home Office in W:\UDEMY\AWS\projects\imagess3)
2024-11-04T18:24:41.792-03:00  INFO 47976 --- [imagess3] [           main] c.t.imagess3.Imagess3ApplicationTests    : No active profile set, falling back to 1 default profile: "default"
2024-11-04T18:24:42.922-03:00  INFO 47976 --- [imagess3] [           main] c.t.imagess3.Imagess3ApplicationTests    : Started Imagess3ApplicationTests in 1.476 seconds (process running for 3.062)
]]></system-out>
  </testcase>
</testsuite>